<?xml version="1.0" encoding="UTF-8"?>
<!-- Generated by org.testng.reporters.JUnitReportReporter -->
<testsuite hostname="DESKTOP-K990F0G" failures="0" tests="4" name="newpackage.Myclass" time="34.099" errors="0" timestamp="2021-08-09T14:18:41 EET" skipped="0">
  <testcase classname="newpackage.Myclass" name="verifysearchdata" time="13.654"/>
  <system-out>
    <![CDATA[Location is verified in the filters area
Checkin and Checkout dates are verified in the filters area
Guests count are verified in the filters area
Data in the header are verified successfully]]>
  </system-out>
  <testcase classname="newpackage.Myclass" name="verifysearchresult" time="0.878"/>
  <system-out>
    <![CDATA[the properties displayed on the first page can accommodate at least the selected number of guests.]]>
  </system-out>
  <testcase classname="newpackage.Myclass" name="verifymoredetails" time="16.691"/>
  <system-out>
    <![CDATA[he properties displayed on the first page have at least the number of selected bedrooms.
The first property has a pool]]>
  </system-out>
  <testcase classname="newpackage.Myclass" name="verifymap" time="2.876"/>
  <system-out>
    <![CDATA[the property is displayed on the map and the color of the pin changes (upon hover)
A pop up is displayed with the property data
the details shown in the map popup are the same as the ones shown in the search results]]>
  </system-out>
</testsuite> <!-- newpackage.Myclass -->
